Build started 1/30/2012 9:06:27 PM.
     1>Project "C:\Users\jeanniet\Documents\Northwestern University\sophomore\EECS 211\eecs 211 project 1(2)\eecs 211 project 1(2)\eecs 211 project 1(2).vcxproj" on node 2 (build target(s)).
     1>InitializeBuildStatus:
         Creating "Debug\eecs 211 project 1(2).unsuccessfulbuild" because "AlwaysCreate" was specified.
       ClCompile:
         c:\Program Files (x86)\Microsoft Visual Studio 10.0\VC\bin\CL.exe /c /ZI /nologo /W3 /WX- /Od /Oy- /D WIN32 /D _DEBUG /D _CONSOLE /D _UNICODE /D UNICODE /Gm /EHsc /RTC1 /MDd /GS /fp:precise /Zc:wchar_t /Zc:forScope /Fo"Debug\\" /Fd"Debug\vc100.pdb" /Gd /TP /analyze- /errorReport:prompt "..\program 1(2).cpp"
         program 1(2).cpp
     1>c:\users\jeanniet\documents\northwestern university\sophomore\eecs 211\eecs 211 project 1(2)\program 1(2).cpp(51): warning C4244: '=' : conversion from 'double' to 'float', possible loss of data
       ManifestResourceCompile:
         All outputs are up-to-date.
       Link:
         c:\Program Files (x86)\Microsoft Visual Studio 10.0\VC\bin\link.exe /ERRORREPORT:PROMPT /OUT:"C:\Users\jeanniet\Documents\Northwestern University\sophomore\EECS 211\eecs 211 project 1(2)\Debug\eecs 211 project 1(2).exe" /INCREMENTAL /NOLOGO kernel32.lib user32.lib gdi32.lib winspool.lib comdlg32.lib advapi32.lib shell32.lib ole32.lib oleaut32.lib uuid.lib odbc32.lib odbccp32.lib /MANIFEST /ManifestFile:"Debug\eecs 211 project 1(2).exe.intermediate.manifest" /MANIFESTUAC:"level='asInvoker' uiAccess='false'" /DEBUG /PDB:"C:\Users\jeanniet\Documents\Northwestern University\sophomore\EECS 211\eecs 211 project 1(2)\Debug\eecs 211 project 1(2).pdb" /SUBSYSTEM:CONSOLE /TLBID:1 /DYNAMICBASE /NXCOMPAT /IMPLIB:"C:\Users\jeanniet\Documents\Northwestern University\sophomore\EECS 211\eecs 211 project 1(2)\Debug\eecs 211 project 1(2).lib" /MACHINE:X86 "Debug\eecs 211 project 1(2).exe.embed.manifest.res"
         "Debug\program 1(2).obj"
       Manifest:
         C:\Program Files (x86)\Microsoft SDKs\Windows\v7.0A\bin\mt.exe /nologo /verbose /out:"Debug\eecs 211 project 1(2).exe.embed.manifest" /manifest "Debug\eecs 211 project 1(2).exe.intermediate.manifest"
         All outputs are up-to-date.
       LinkEmbedManifest:
         All outputs are up-to-date.
         eecs 211 project 1(2).vcxproj -> C:\Users\jeanniet\Documents\Northwestern University\sophomore\EECS 211\eecs 211 project 1(2)\Debug\eecs 211 project 1(2).exe
       FinalizeBuildStatus:
         Deleting file "Debug\eecs 211 project 1(2).unsuccessfulbuild".
         Touching "Debug\eecs 211 project 1(2).lastbuildstate".
     1>Done Building Project "C:\Users\jeanniet\Documents\Northwestern University\sophomore\EECS 211\eecs 211 project 1(2)\eecs 211 project 1(2)\eecs 211 project 1(2).vcxproj" (build target(s)).

Build succeeded.

Time Elapsed 00:00:05.12
