Build started 1/30/2012 11:26:50 PM.
     1>Project "C:\Users\jeanniet\Documents\Northwestern University\sophomore\EECS 211\project 2\project 2\project 2.vcxproj" on node 2 (build target(s)).
     1>InitializeBuildStatus:
         Creating "Debug\project 2.unsuccessfulbuild" because "AlwaysCreate" was specified.
       ClCompile:
         c:\Program Files (x86)\Microsoft Visual Studio 10.0\VC\bin\CL.exe /c /ZI /nologo /W3 /WX- /Od /Oy- /D WIN32 /D _DEBUG /D _CONSOLE /D _UNICODE /D UNICODE /Gm /EHsc /RTC1 /MDd /GS /fp:precise /Zc:wchar_t /Zc:forScope /Fo"Debug\\" /Fd"Debug\vc100.pdb" /Gd /TP /analyze- /errorReport:prompt "project 2.cpp"
         project 2.cpp
     1>c:\users\jeanniet\documents\northwestern university\sophomore\eecs 211\project 2\project 2\project 2.cpp(74): warning C4715: 'bookReservation' : not all control paths return a value
       ManifestResourceCompile:
         All outputs are up-to-date.
       Link:
         c:\Program Files (x86)\Microsoft Visual Studio 10.0\VC\bin\link.exe /ERRORREPORT:PROMPT /OUT:"C:\Users\jeanniet\Documents\Northwestern University\sophomore\EECS 211\project 2\Debug\project 2.exe" /INCREMENTAL /NOLOGO kernel32.lib user32.lib gdi32.lib winspool.lib comdlg32.lib advapi32.lib shell32.lib ole32.lib oleaut32.lib uuid.lib odbc32.lib odbccp32.lib /MANIFEST /ManifestFile:"Debug\project 2.exe.intermediate.manifest" /MANIFESTUAC:"level='asInvoker' uiAccess='false'" /DEBUG /PDB:"C:\Users\jeanniet\Documents\Northwestern University\sophomore\EECS 211\project 2\Debug\project 2.pdb" /SUBSYSTEM:CONSOLE /TLBID:1 /DYNAMICBASE /NXCOMPAT /IMPLIB:"C:\Users\jeanniet\Documents\Northwestern University\sophomore\EECS 211\project 2\Debug\project 2.lib" /MACHINE:X86 "Debug\project 2.exe.embed.manifest.res"
         "Debug\project 2.obj"
       Manifest:
         C:\Program Files (x86)\Microsoft SDKs\Windows\v7.0A\bin\mt.exe /nologo /verbose /out:"Debug\project 2.exe.embed.manifest" /manifest "Debug\project 2.exe.intermediate.manifest"
         All outputs are up-to-date.
       LinkEmbedManifest:
         All outputs are up-to-date.
         project 2.vcxproj -> C:\Users\jeanniet\Documents\Northwestern University\sophomore\EECS 211\project 2\Debug\project 2.exe
       FinalizeBuildStatus:
         Deleting file "Debug\project 2.unsuccessfulbuild".
         Touching "Debug\project 2.lastbuildstate".
     1>Done Building Project "C:\Users\jeanniet\Documents\Northwestern University\sophomore\EECS 211\project 2\project 2\project 2.vcxproj" (build target(s)).

Build succeeded.

Time Elapsed 00:00:01.69
