Build started 3/9/2012 2:21:51 PM.
     1>Project "C:\Users\jeanniet\Documents\Northwestern University\sophomore\EECS 211\project 7\project 7\project 7.vcxproj" on node 2 (build target(s)).
     1>InitializeBuildStatus:
         Creating "Debug\project 7.unsuccessfulbuild" because "AlwaysCreate" was specified.
       ClCompile:
         c:\Program Files (x86)\Microsoft Visual Studio 10.0\VC\bin\CL.exe /c /ZI /nologo /W3 /WX- /Od /Oy- /D WIN32 /D _DEBUG /D _CONSOLE /D _UNICODE /D UNICODE /Gm /EHsc /RTC1 /MDd /GS /fp:precise /Zc:wchar_t /Zc:forScope /Fo"Debug\\" /Fd"Debug\vc100.pdb" /Gd /TP /analyze- /errorReport:prompt events.cpp
         events.cpp
     1>c:\users\jeanniet\documents\northwestern university\sophomore\eecs 211\project 7\project 7\events.cpp(127): warning C4996: 'strcpy': This function or variable may be unsafe. Consider using strcpy_s instead. To disable deprecation, use _CRT_SECURE_NO_WARNINGS. See online help for details.
                 c:\program files (x86)\microsoft visual studio 10.0\vc\include\string.h(105) : see declaration of 'strcpy'
       ManifestResourceCompile:
         All outputs are up-to-date.
       Link:
         c:\Program Files (x86)\Microsoft Visual Studio 10.0\VC\bin\link.exe /ERRORREPORT:PROMPT /OUT:"C:\Users\jeanniet\Documents\Northwestern University\sophomore\EECS 211\project 7\Debug\project 7.exe" /INCREMENTAL /NOLOGO kernel32.lib user32.lib gdi32.lib winspool.lib comdlg32.lib advapi32.lib shell32.lib ole32.lib oleaut32.lib uuid.lib odbc32.lib odbccp32.lib /MANIFEST /ManifestFile:"Debug\project 7.exe.intermediate.manifest" /MANIFESTUAC:"level='asInvoker' uiAccess='false'" /DEBUG /PDB:"C:\Users\jeanniet\Documents\Northwestern University\sophomore\EECS 211\project 7\Debug\project 7.pdb" /SUBSYSTEM:CONSOLE /TLBID:1 /DYNAMICBASE /NXCOMPAT /IMPLIB:"C:\Users\jeanniet\Documents\Northwestern University\sophomore\EECS 211\project 7\Debug\project 7.lib" /MACHINE:X86 "Debug\project 7.exe.embed.manifest.res"
         Debug\devices.obj
         Debug\events.obj
         Debug\main.obj
         Debug\system_utilities.obj
       Manifest:
         C:\Program Files (x86)\Microsoft SDKs\Windows\v7.0A\bin\mt.exe /nologo /verbose /out:"Debug\project 7.exe.embed.manifest" /manifest "Debug\project 7.exe.intermediate.manifest"
         All outputs are up-to-date.
       LinkEmbedManifest:
         All outputs are up-to-date.
         project 7.vcxproj -> C:\Users\jeanniet\Documents\Northwestern University\sophomore\EECS 211\project 7\Debug\project 7.exe
       FinalizeBuildStatus:
         Deleting file "Debug\project 7.unsuccessfulbuild".
         Touching "Debug\project 7.lastbuildstate".
     1>Done Building Project "C:\Users\jeanniet\Documents\Northwestern University\sophomore\EECS 211\project 7\project 7\project 7.vcxproj" (build target(s)).

Build succeeded.

Time Elapsed 00:00:02.08
